--------------------------------- Merge Conflict start -------------------------------------------
Existing data: 
{
  "hey": "ho"
}
New data: 
{
  "oldie": "goldie"
}
--------------------------------- Merge Conflict end ---------------------------------------------

--------------------------------- Merge Conflict start -------------------------------------------
Existing data: 
{
  "hey": "ho"
}
New data: 
{
  "oldie": "goldie"
}
--------------------------------- Merge Conflict end ---------------------------------------------

